<?xml version="1.0" encoding="UTF-8"?>
<!-- Generated by org.testng.reporters.JUnitXMLReporter -->
<testsuite ignored="2" hostname="SURAJ" failures="0" tests="4" name="Default test" time="5.711" errors="0" timestamp="2024-01-03T14:35:44 IST">
  <testcase classname="com.restapi.automation.createUserLombok" name="createUserUsingLombok" time="3.319"/>
  <testcase classname="com.restapi.automation.getUsers" name="getUsers" time="0.552"/>
  <testcase classname="com.restapi.automation.createUserPojo" name="createUserJSONFromPojo" time="0.746"/>
  <testcase classname="com.restapi.automation.createUserPojo" name="validateJsonSchema" time="1.043"/>
  <testcase classname="base.setupRestAPI" name="@BeforeSuite initRestAPI" time="0.0">
    <ignored/>
  </testcase> <!-- @BeforeSuite initRestAPI -->
  <testcase classname="base.setupRestAPI" name="@BeforeSuite initRestAPI" time="0.0">
    <ignored/>
  </testcase> <!-- @BeforeSuite initRestAPI -->
</testsuite> <!-- Default test -->
