<?xml version="1.0" encoding="UTF-8"?>
<testng-results ignored="0" total="1" passed="1" failed="0" skipped="0">
  <reporter-output>
  </reporter-output>
  <suite started-at="2024-01-03T14:14:41 IST" name="Default suite" finished-at="2024-01-03T14:14:51 IST" duration-ms="10077">
    <groups>
    </groups>
    <test started-at="2024-01-03T14:14:41 IST" name="Default test" finished-at="2024-01-03T14:14:51 IST" duration-ms="10077">
      <class name="com.graphql.automation.verifyGetUser">
        <test-method is-config="true" signature="initGraphQL()[pri:0, instance:com.graphql.automation.verifyGetUser@2b662a77]" started-at="2024-01-03T14:14:40 IST" name="initGraphQL" finished-at="2024-01-03T14:14:41 IST" duration-ms="490" status="PASS">
          <reporter-output>
          </reporter-output>
        </test-method> <!-- initGraphQL -->
        <test-method signature="getUserRequest()[pri:0, instance:com.graphql.automation.verifyGetUser@2b662a77]" started-at="2024-01-03T14:14:41 IST" name="getUserRequest" finished-at="2024-01-03T14:14:51 IST" duration-ms="10046" status="PASS">
          <reporter-output>
          </reporter-output>
        </test-method> <!-- getUserRequest -->
      </class> <!-- com.graphql.automation.verifyGetUser -->
    </test> <!-- Default test -->
  </suite> <!-- Default suite -->
</testng-results>
