<?xml version="1.0" encoding="UTF-8"?>
<testng-results ignored="0" total="4" passed="4" failed="0" skipped="0">
  <reporter-output>
  </reporter-output>
  <suite started-at="2024-01-03T14:35:38 IST" name="Default suite" finished-at="2024-01-03T14:35:44 IST" duration-ms="5711">
    <groups>
    </groups>
    <test started-at="2024-01-03T14:35:38 IST" name="Default test" finished-at="2024-01-03T14:35:44 IST" duration-ms="5711">
      <class name="com.restapi.automation.createUserLombok">
        <test-method is-config="true" signature="initRestAPI()[pri:0, instance:com.restapi.automation.createUserLombok@1a482e36]" started-at="2024-01-03T14:35:38 IST" name="initRestAPI" finished-at="2024-01-03T14:35:38 IST" duration-ms="581" status="PASS">
          <reporter-output>
          </reporter-output>
        </test-method> <!-- initRestAPI -->
        <test-method signature="createUserUsingLombok()[pri:0, instance:com.restapi.automation.createUserLombok@1a482e36]" started-at="2024-01-03T14:35:38 IST" name="createUserUsingLombok" finished-at="2024-01-03T14:35:42 IST" duration-ms="3319" status="PASS">
          <reporter-output>
          </reporter-output>
        </test-method> <!-- createUserUsingLombok -->
      </class> <!-- com.restapi.automation.createUserLombok -->
      <class name="com.restapi.automation.getUsers">
        <test-method signature="getUsers()[pri:0, instance:com.restapi.automation.getUsers@6cf0e0ba]" started-at="2024-01-03T14:35:42 IST" name="getUsers" finished-at="2024-01-03T14:35:42 IST" duration-ms="552" status="PASS">
          <reporter-output>
          </reporter-output>
        </test-method> <!-- getUsers -->
      </class> <!-- com.restapi.automation.getUsers -->
      <class name="com.restapi.automation.createUserPojo">
        <test-method signature="createUserJSONFromPojo()[pri:0, instance:com.restapi.automation.createUserPojo@130d63be]" started-at="2024-01-03T14:35:42 IST" name="createUserJSONFromPojo" finished-at="2024-01-03T14:35:43 IST" duration-ms="746" status="PASS">
          <reporter-output>
          </reporter-output>
        </test-method> <!-- createUserJSONFromPojo -->
        <test-method signature="validateJsonSchema()[pri:0, instance:com.restapi.automation.createUserPojo@130d63be]" started-at="2024-01-03T14:35:43 IST" name="validateJsonSchema" finished-at="2024-01-03T14:35:44 IST" duration-ms="1043" status="PASS">
          <reporter-output>
          </reporter-output>
        </test-method> <!-- validateJsonSchema -->
      </class> <!-- com.restapi.automation.createUserPojo -->
    </test> <!-- Default test -->
  </suite> <!-- Default suite -->
</testng-results>
